Arguments: 
  /Users/hpark16/.nvm/versions/node/v16.11.1/bin/node /Users/hpark16/.nvm/versions/node/v16.11.1/bin/yarn add swiper

PATH: 
  /Users/hpark16/.nvm/versions/node/v16.11.1/bin:/opt/homebrew/bin:/opt/homebrew/sbin:/System/Cryptexes/App/usr/bin:/bin:/Library/Apple/usr/bin:/opt/homebrew/opt/ruby@3.0/bin:/opt/homebrew/lib/ruby/gems/3.0.0/bin:/Users/hpark16/.nvm/versions/node/v16.11.1/bin:/Users/hpark16/.local/bin:/Users/hpark16/.dotfiles/bin:/Users/hpark16/.yarn/bin:/Users/hpark16/.fzf/bin:/Users/hpark16/.cargo/bin:/Users/hpark16/.go/bin:/Users/hpark16/.go/packages/bin:/usr/local/bin:/usr/local/sbin:/usr/bin:/usr/sbin:/sbin

Yarn version: 
  1.22.19

Node version: 
  16.11.1

Platform: 
  darwin arm64

Trace: 
  Error: https://bisonai-831311642255.d.codeartifact.us-west-2.amazonaws.com/npm/bisonai/swiper: Unauthenticated: request used expired credentials. Please renew your credentials.
      at Request.params.callback [as _callback] (/Users/hpark16/.nvm/versions/node/v16.11.1/lib/node_modules/yarn/lib/cli.js:66145:18)
      at Request.self.callback (/Users/hpark16/.nvm/versions/node/v16.11.1/lib/node_modules/yarn/lib/cli.js:140890:22)
      at Request.emit (node:events:390:28)
      at Request.<anonymous> (/Users/hpark16/.nvm/versions/node/v16.11.1/lib/node_modules/yarn/lib/cli.js:141862:10)
      at Request.emit (node:events:390:28)
      at Gunzip.<anonymous> (/Users/hpark16/.nvm/versions/node/v16.11.1/lib/node_modules/yarn/lib/cli.js:141784:12)
      at Object.onceWrapper (node:events:509:28)
      at Gunzip.emit (node:events:390:28)
      at endReadableNT (node:internal/streams/readable:1343:12)
      at processTicksAndRejections (node:internal/process/task_queues:83:21)

npm manifest: 
  No manifest

yarn manifest: 
  No manifest

Lockfile: 
  No lockfile
